0 verbose cli C:\Program Files\nodejs\node.exe D:\node_modules\node_modules\npm\bin\npm-cli.js
1 info using npm@10.2.1
2 info using node@v18.18.2
3 timing npm:load:whichnode Completed in 3ms
4 timing config:load:defaults Completed in 4ms
5 timing config:load:file:D:\node_modules\node_modules\npm\npmrc Completed in 5ms
6 timing config:load:builtin Completed in 5ms
7 timing config:load:cli Completed in 2ms
8 timing config:load:env Completed in 2ms
9 timing config:load:file:D:\Dev Workspace\group-exercise-react-props-state\.npmrc Completed in 0ms
10 timing config:load:project Completed in 1ms
11 timing config:load:file:C:\Users\mfa31\.npmrc Completed in 2ms
12 timing config:load:user Completed in 2ms
13 timing config:load:file:D:\node_modules\etc\npmrc Completed in 1ms
14 timing config:load:global Completed in 1ms
15 timing config:load:setEnvs Completed in 2ms
16 timing config:load Completed in 19ms
17 timing npm:load:configload Completed in 19ms
18 timing config:load:flatten Completed in 5ms
19 timing npm:load:mkdirpcache Completed in 0ms
20 timing npm:load:mkdirplogs Completed in 0ms
21 verbose title npm run start
22 verbose argv "run" "start"
23 timing npm:load:setTitle Completed in 2ms
24 timing npm:load:display Completed in 2ms
25 verbose logfile logs-max:10 dir:D:\Dev Workspace\group-exercise-react-props-state\npm-cache\_logs\2023-10-30T01_36_37_979Z-
26 verbose logfile D:\Dev Workspace\group-exercise-react-props-state\npm-cache\_logs\2023-10-30T01_36_37_979Z-debug-0.log
27 timing npm:load:logFile Completed in 22ms
28 timing npm:load:timers Completed in 0ms
29 timing npm:load:configScope Completed in 0ms
30 timing npm:load Completed in 113ms
31 silly logfile done cleaning log files
32 http fetch GET 200 https://registry.npmjs.org/npm 399ms (cache miss)
33 timing command:run Completed in 258073ms
34 verbose exit 255
35 timing npm Completed in 258350ms
36 verbose code 255
